[2025-12-08 23:14:23 UTC] Starting inventory update...
[2025-12-08 23:14:23 UTC] Running scraper...
[2025-12-08 23:14:28 UTC] Scraper completed: 343 vehicles
[2025-12-08 23:14:28 UTC] Syncing database...
[2025-12-08 23:14:28 UTC] Database sync completed: 343 vehicles
[2025-12-08 23:14:28 UTC] Downloading stickers...
[2025-12-08 23:15:40 UTC] Stickers completed: 23 downloaded, 0 cached
[2025-12-08 23:15:40 UTC] Running AI enrichment...
[2025-12-08 23:15:40 UTC] Enrichment completed: 0 processed
[2025-12-08 23:15:40 UTC] Generating cache...
[2025-12-08 23:15:41 UTC] Cache generation completed
[2025-12-08 23:15:41 UTC] Inventory update completed in 77.7s
[2025-12-08 23:18:24 UTC] Starting inventory update...
[2025-12-08 23:18:24 UTC] Running scraper...
[2025-12-08 23:18:28 UTC] Scraper completed: 343 vehicles
[2025-12-08 23:18:28 UTC] Syncing database...
[2025-12-08 23:18:28 UTC] Database sync completed: 343 vehicles
[2025-12-08 23:18:28 UTC] Downloading stickers...
[2025-12-08 23:18:28 UTC] Stickers completed: 0 downloaded, 343 cached
[2025-12-08 23:18:28 UTC] Running AI enrichment...
[2025-12-08 23:18:28 UTC] Enrichment completed: 0 processed
[2025-12-08 23:18:28 UTC] Generating cache...
[2025-12-08 23:18:28 UTC] Cache generation completed
[2025-12-08 23:18:28 UTC] Inventory update completed in 4.3s
