[2025-12-08 04:14:43 UTC] Starting inventory update...
[2025-12-08 04:14:43 UTC] Running scraper...
Saved 341 unique vehicles to /var/www/scraper/inventoryNew-20251207-201447.csv
[2025-12-08 04:14:48 UTC] Scraper completed successfully
[2025-12-08 04:14:48 UTC] Syncing to database...
Using CSV: /root/www/scraper/inventoryNew-20251207-201447.csv
Synced /root/www/db/inventory.sqlite; it now has 341 vehicles.
[2025-12-08 04:14:48 UTC] Database sync completed successfully
[2025-12-08 04:14:48 UTC] Inventory update completed successfully
[2025-12-08 08:00:01 UTC] Starting inventory update...
[2025-12-08 08:00:01 UTC] Running scraper...
Saved 341 unique vehicles to /var/www/scraper/inventoryNew-20251208-000005.csv
[2025-12-08 08:00:05 UTC] Scraper completed successfully
[2025-12-08 08:00:05 UTC] Syncing to database...
Using CSV: /root/www/scraper/inventoryNew-20251208-000005.csv
Synced /root/www/db/inventory.sqlite; it now has 341 vehicles.
[2025-12-08 08:00:05 UTC] Database sync completed successfully
[2025-12-08 08:00:05 UTC] Inventory update completed successfully
[2025-12-08 20:00:01 UTC] Starting inventory update...
[2025-12-08 20:00:01 UTC] Running scraper...
Saved 343 unique vehicles to /var/www/scraper/inventoryNew-20251208-120006.csv
[2025-12-08 20:00:06 UTC] Scraper completed successfully
[2025-12-08 20:00:06 UTC] Syncing to database...
Using CSV: /root/www/scraper/inventoryNew-20251208-120006.csv
Synced /root/www/db/inventory.sqlite; it now has 343 vehicles.
[2025-12-08 20:00:06 UTC] Database sync completed successfully
[2025-12-08 20:00:06 UTC] Inventory update completed successfully
